# JRE version: Java(TM) SE Runtime Environment (8.0_161-b12) (build 1.8.0_161-b12)
# Java VM: Java HotSpot(TM) 64-Bit Server VM (25.161-b12 mixed mode windows-amd64 compressed oops)
Heap:
 def new generation   total 19712K, used 17840K [0x00000000c0000000, 0x00000000c1560000, 0x00000000d5550000)
  eden space 17536K, 100% used [0x00000000c0000000, 0x00000000c1120000, 0x00000000c1120000)
  from space 2176K,  14% used [0x00000000c1340000, 0x00000000c138c320, 0x00000000c1560000)
  to   space 2176K,   0% used [0x00000000c1120000, 0x00000000c1120000, 0x00000000c1340000)
 tenured generation   total 43712K, used 24908K [0x00000000d5550000, 0x00000000d8000000, 0x0000000100000000)
   the space 43712K,  56% used [0x00000000d5550000, 0x00000000d6da33d8, 0x00000000d6da3400, 0x00000000d8000000)
 Metaspace       used 27786K, capacity 29480K, committed 29696K, reserved 1075200K
  class space    used 3533K, capacity 4294K, committed 4352K, reserved 1048576K
GC Heap History (10 events):
Event: 7.631 GC heap before
{Heap before GC invocations=23 (full 1):
 def new generation   total 19712K, used 17957K [0x00000000c0000000, 0x00000000c1560000, 0x00000000d5550000)
  eden space 17536K, 100% used [0x00000000c0000000, 0x00000000c1120000, 0x00000000c1120000)
  from space 2176K,  19% used [0x00000000c1120000, 0x00000000c1189708, 0x00000000c1340000)
  to   space 2176K,   0% used [0x00000000c1340000, 0x00000000c1340000, 0x00000000c1560000)
 tenured generation   total 43712K, used 24491K [0x00000000d5550000, 0x00000000d8000000, 0x0000000100000000)
   the space 43712K,  56% used [0x00000000d5550000, 0x00000000d6d3af58, 0x00000000d6d3b000, 0x00000000d8000000)
 Metaspace       used 27753K, capacity 29480K, committed 29696K, reserved 1075200K
  class space    used 3533K, capacity 4294K, committed 4352K, reserved 1048576K
Event: 7.633 GC heap after
Heap after GC invocations=24 (full 1):
 def new generation   total 19712K, used 911K [0x00000000c0000000, 0x00000000c1560000, 0x00000000d5550000)
  eden space 17536K,   0% used [0x00000000c0000000, 0x00000000c0000000, 0x00000000c1120000)
  from space 2176K,  41% used [0x00000000c1340000, 0x00000000c1423fc0, 0x00000000c1560000)
  to   space 2176K,   0% used [0x00000000c1120000, 0x00000000c1120000, 0x00000000c1340000)
 tenured generation   total 43712K, used 24491K [0x00000000d5550000, 0x00000000d8000000, 0x0000000100000000)
   the space 43712K,  56% used [0x00000000d5550000, 0x00000000d6d3af58, 0x00000000d6d3b000, 0x00000000d8000000)
 Metaspace       used 27753K, capacity 29480K, committed 29696K, reserved 1075200K
  class space    used 3533K, capacity 4294K, committed 4352K, reserved 1048576K
}
Event: 7.879 GC heap before
{Heap before GC invocations=24 (full 1):
 def new generation   total 19712K, used 18447K [0x00000000c0000000, 0x00000000c1560000, 0x00000000d5550000)
  eden space 17536K, 100% used [0x00000000c0000000, 0x00000000c1120000, 0x00000000c1120000)
  from space 2176K,  41% used [0x00000000c1340000, 0x00000000c1423fc0, 0x00000000c1560000)
  to   space 2176K,   0% used [0x00000000c1120000, 0x00000000c1120000, 0x00000000c1340000)
 tenured generation   total 43712K, used 24491K [0x00000000d5550000, 0x00000000d8000000, 0x0000000100000000)
   the space 43712K,  56% used [0x00000000d5550000, 0x00000000d6d3af58, 0x00000000d6d3b000, 0x00000000d8000000)
 Metaspace       used 27755K, capacity 29480K, committed 29696K, reserved 1075200K
  class space    used 3533K, capacity 4294K, committed 4352K, reserved 1048576K
Event: 7.882 GC heap after
Heap after GC invocations=25 (full 1):
 def new generation   total 19712K, used 1150K [0x00000000c0000000, 0x00000000c1560000, 0x00000000d5550000)
  eden space 17536K,   0% used [0x00000000c0000000, 0x00000000c0000000, 0x00000000c1120000)
  from space 2176K,  52% used [0x00000000c1120000, 0x00000000c123fbf0, 0x00000000c1340000)
  to   space 2176K,   0% used [0x00000000c1340000, 0x00000000c1340000, 0x00000000c1560000)
 tenured generation   total 43712K, used 24491K [0x00000000d5550000, 0x00000000d8000000, 0x0000000100000000)
   the space 43712K,  56% used [0x00000000d5550000, 0x00000000d6d3af58, 0x00000000d6d3b000, 0x00000000d8000000)
 Metaspace       used 27755K, capacity 29480K, committed 29696K, reserved 1075200K
  class space    used 3533K, capacity 4294K, committed 4352K, reserved 1048576K
}
Event: 7.904 GC heap before
{Heap before GC invocations=25 (full 1):
 def new generation   total 19712K, used 18686K [0x00000000c0000000, 0x00000000c1560000, 0x00000000d5550000)
  eden space 17536K, 100% used [0x00000000c0000000, 0x00000000c1120000, 0x00000000c1120000)
  from space 2176K,  52% used [0x00000000c1120000, 0x00000000c123fbf0, 0x00000000c1340000)
  to   space 2176K,   0% used [0x00000000c1340000, 0x00000000c1340000, 0x00000000c1560000)
 tenured generation   total 43712K, used 24491K [0x00000000d5550000, 0x00000000d8000000, 0x0000000100000000)
   the space 43712K,  56% used [0x00000000d5550000, 0x00000000d6d3af58, 0x00000000d6d3b000, 0x00000000d8000000)
 Metaspace       used 27756K, capacity 29480K, committed 29696K, reserved 1075200K
  class space    used 3533K, capacity 4294K, committed 4352K, reserved 1048576K
Event: 7.906 GC heap after
Heap after GC invocations=26 (full 1):
 def new generation   total 19712K, used 170K [0x00000000c0000000, 0x00000000c1560000, 0x00000000d5550000)
  eden space 17536K,   0% used [0x00000000c0000000, 0x00000000c0000000, 0x00000000c1120000)
  from space 2176K,   7% used [0x00000000c1340000, 0x00000000c136ab58, 0x00000000c1560000)
  to   space 2176K,   0% used [0x00000000c1120000, 0x00000000c1120000, 0x00000000c1340000)
 tenured generation   total 43712K, used 24908K [0x00000000d5550000, 0x00000000d8000000, 0x0000000100000000)
   the space 43712K,  56% used [0x00000000d5550000, 0x00000000d6da33d8, 0x00000000d6da3400, 0x00000000d8000000)
 Metaspace       used 27756K, capacity 29480K, committed 29696K, reserved 1075200K
  class space    used 3533K, capacity 4294K, committed 4352K, reserved 1048576K
}
Event: 7.923 GC heap before
{Heap before GC invocations=26 (full 1):
 def new generation   total 19712K, used 17706K [0x00000000c0000000, 0x00000000c1560000, 0x00000000d5550000)
  eden space 17536K, 100% used [0x00000000c0000000, 0x00000000c1120000, 0x00000000c1120000)
  from space 2176K,   7% used [0x00000000c1340000, 0x00000000c136ab58, 0x00000000c1560000)
  to   space 2176K,   0% used [0x00000000c1120000, 0x00000000c1120000, 0x00000000c1340000)
 tenured generation   total 43712K, used 24908K [0x00000000d5550000, 0x00000000d8000000, 0x0000000100000000)
   the space 43712K,  56% used [0x00000000d5550000, 0x00000000d6da33d8, 0x00000000d6da3400, 0x00000000d8000000)
 Metaspace       used 27756K, capacity 29480K, committed 29696K, reserved 1075200K
  class space    used 3533K, capacity 4294K, committed 4352K, reserved 1048576K
Event: 7.924 GC heap after
Heap after GC invocations=27 (full 1):
 def new generation   total 19712K, used 188K [0x00000000c0000000, 0x00000000c1560000, 0x00000000d5550000)
  eden space 17536K,   0% used [0x00000000c0000000, 0x00000000c0000000, 0x00000000c1120000)
  from space 2176K,   8% used [0x00000000c1120000, 0x00000000c114f128, 0x00000000c1340000)
  to   space 2176K,   0% used [0x00000000c1340000, 0x00000000c1340000, 0x00000000c1560000)
 tenured generation   total 43712K, used 24908K [0x00000000d5550000, 0x00000000d8000000, 0x0000000100000000)
   the space 43712K,  56% used [0x00000000d5550000, 0x00000000d6da33d8, 0x00000000d6da3400, 0x00000000d8000000)
 Metaspace       used 27756K, capacity 29480K, committed 29696K, reserved 1075200K
  class space    used 3533K, capacity 4294K, committed 4352K, reserved 1048576K
}
Event: 7.944 GC heap before
{Heap before GC invocations=27 (full 1):
 def new generation   total 19712K, used 17724K [0x00000000c0000000, 0x00000000c1560000, 0x00000000d5550000)
  eden space 17536K, 100% used [0x00000000c0000000, 0x00000000c1120000, 0x00000000c1120000)
  from space 2176K,   8% used [0x00000000c1120000, 0x00000000c114f128, 0x00000000c1340000)
  to   space 2176K,   0% used [0x00000000c1340000, 0x00000000c1340000, 0x00000000c1560000)
 tenured generation   total 43712K, used 24908K [0x00000000d5550000, 0x00000000d8000000, 0x0000000100000000)
   the space 43712K,  56% used [0x00000000d5550000, 0x00000000d6da33d8, 0x00000000d6da3400, 0x00000000d8000000)
 Metaspace       used 27757K, capacity 29480K, committed 29696K, reserved 1075200K
  class space    used 3533K, capacity 4294K, committed 4352K, reserved 1048576K
Event: 7.945 GC heap after
Heap after GC invocations=28 (full 1):
 def new generation   total 19712K, used 304K [0x00000000c0000000, 0x00000000c1560000, 0x00000000d5550000)
  eden space 17536K,   0% used [0x00000000c0000000, 0x00000000c0000000, 0x00000000c1120000)
  from space 2176K,  14% used [0x00000000c1340000, 0x00000000c138c320, 0x00000000c1560000)
  to   space 2176K,   0% used [0x00000000c1120000, 0x00000000c1120000, 0x00000000c1340000)
 tenured generation   total 43712K, used 24908K [0x00000000d5550000, 0x00000000d8000000, 0x0000000100000000)
   the space 43712K,  56% used [0x00000000d5550000, 0x00000000d6da33d8, 0x00000000d6da3400, 0x00000000d8000000)
 Metaspace       used 27757K, capacity 29480K, committed 29696K, reserved 1075200K
  class space    used 3533K, capacity 4294K, committed 4352K, reserved 1048576K
}

